<?xml version="1.0" encoding="UTF-8"?>
<robot generator="Robot 3.1.2 (Python 3.8.0 on win32)" generated="20191113 10:20:54.246" rpa="false">
<suite id="s1" name="SDET TestProject" source="D:\RobotFramework\SDET_TestProject">
<suite id="s1-s1" name="TestCases" source="D:\RobotFramework\SDET_TestProject\TestCases">
<suite id="s1-s1-s1" name="WebTable" source="D:\RobotFramework\SDET_TestProject\TestCases\WebTable.robot">
<test id="s1-s1-s1-t1" name="Tabel Validations">
<kw name="Open Browser" library="SeleniumLibrary">
<doc>Opens a new browser instance to the optional ``url``.</doc>
<arguments>
<arg>http://testautomationpractice.blogspot.com/</arg>
<arg>chrome</arg>
</arguments>
<msg timestamp="20191113 10:20:54.692" level="INFO">Opening browser 'chrome' to base url 'http://testautomationpractice.blogspot.com/'.</msg>
<status status="PASS" starttime="20191113 10:20:54.692" endtime="20191113 10:21:04.344"></status>
</kw>
<kw name="Maximize Browser Window" library="SeleniumLibrary">
<doc>Maximizes current browser window.</doc>
<status status="PASS" starttime="20191113 10:21:04.345" endtime="20191113 10:21:08.519"></status>
</kw>
<kw name="Get Element Count" library="SeleniumLibrary">
<doc>Returns the number of elements matching ``locator``.</doc>
<arguments>
<arg>xpath://table[@name='BookTable']/tbody/tr</arg>
</arguments>
<assign>
<var>${rows}</var>
</assign>
<msg timestamp="20191113 10:21:08.580" level="INFO">${rows} = 7</msg>
<status status="PASS" starttime="20191113 10:21:08.522" endtime="20191113 10:21:08.581"></status>
</kw>
<kw name="Log To Console" library="BuiltIn">
<doc>Logs the given message to the console.</doc>
<arguments>
<arg>${rows}</arg>
</arguments>
<status status="PASS" starttime="20191113 10:21:08.582" endtime="20191113 10:21:08.583"></status>
</kw>
<kw name="Get Element Count" library="SeleniumLibrary">
<doc>Returns the number of elements matching ``locator``.</doc>
<arguments>
<arg>xpath://table[@name='BookTable']/tbody/tr[1]/th</arg>
</arguments>
<assign>
<var>${cols}</var>
</assign>
<msg timestamp="20191113 10:21:08.635" level="INFO">${cols} = 4</msg>
<status status="PASS" starttime="20191113 10:21:08.584" endtime="20191113 10:21:08.635"></status>
</kw>
<kw name="Log To Console" library="BuiltIn">
<doc>Logs the given message to the console.</doc>
<arguments>
<arg>${cols}</arg>
</arguments>
<status status="PASS" starttime="20191113 10:21:08.636" endtime="20191113 10:21:08.639"></status>
</kw>
<kw name="Get Text" library="SeleniumLibrary">
<doc>Returns the text value of the element identified by ``locator``.</doc>
<arguments>
<arg>xpath://table[@name='BookTable']/tbody/tr[5]/td[1]</arg>
</arguments>
<assign>
<var>${data}</var>
</assign>
<msg timestamp="20191113 10:21:08.723" level="INFO">${data} = Master In Selenium</msg>
<status status="PASS" starttime="20191113 10:21:08.640" endtime="20191113 10:21:08.724"></status>
</kw>
<kw name="Log To Console" library="BuiltIn">
<doc>Logs the given message to the console.</doc>
<arguments>
<arg>${data}</arg>
</arguments>
<status status="PASS" starttime="20191113 10:21:08.724" endtime="20191113 10:21:08.725"></status>
</kw>
<kw name="Table Column Should Contain" library="SeleniumLibrary">
<doc>Verifies table column contains text ``expected``.</doc>
<arguments>
<arg>xpath://table[@name='BookTable']</arg>
<arg>2</arg>
<arg>Author</arg>
</arguments>
<status status="PASS" starttime="20191113 10:21:08.726" endtime="20191113 10:21:08.786"></status>
</kw>
<kw name="Table Row Should Contain" library="SeleniumLibrary">
<doc>Verifies that table row contains text ``expected``.</doc>
<arguments>
<arg>xpath://table[@name='BookTable']</arg>
<arg>4</arg>
<arg>Learn JS</arg>
</arguments>
<status status="PASS" starttime="20191113 10:21:08.786" endtime="20191113 10:21:08.864"></status>
</kw>
<kw name="Table Cell Should Contain" library="SeleniumLibrary">
<doc>Verifies table cell contains text ``expected``.</doc>
<arguments>
<arg>xpath://table[@name='BookTable']</arg>
<arg>5</arg>
<arg>2</arg>
<arg>Mukesh</arg>
</arguments>
<msg timestamp="20191113 10:21:08.961" level="INFO">Table cell contains 'Mukesh'.</msg>
<status status="PASS" starttime="20191113 10:21:08.864" endtime="20191113 10:21:08.961"></status>
</kw>
<kw name="Table Header Should Contain" library="SeleniumLibrary">
<doc>Verifies table header contains text ``expected``.</doc>
<arguments>
<arg>xpath://table[@name='BookTable']</arg>
<arg>BookName</arg>
</arguments>
<status status="PASS" starttime="20191113 10:21:08.961" endtime="20191113 10:21:09.023"></status>
</kw>
<kw name="Close Browser" library="SeleniumLibrary">
<doc>Closes the current browser.</doc>
<status status="PASS" starttime="20191113 10:21:09.023" endtime="20191113 10:21:11.447"></status>
</kw>
<status status="PASS" starttime="20191113 10:20:54.691" endtime="20191113 10:21:11.447" critical="yes"></status>
</test>
<status status="PASS" starttime="20191113 10:20:54.339" endtime="20191113 10:21:11.447"></status>
</suite>
<status status="PASS" starttime="20191113 10:20:54.339" endtime="20191113 10:21:11.447"></status>
</suite>
<status status="PASS" starttime="20191113 10:20:54.292" endtime="20191113 10:21:11.462"></status>
</suite>
<statistics>
<total>
<stat pass="1" fail="0">Critical Tests</stat>
<stat pass="1" fail="0">All Tests</stat>
</total>
<tag>
</tag>
<suite>
<stat pass="1" fail="0" id="s1" name="SDET TestProject">SDET TestProject</stat>
<stat pass="1" fail="0" id="s1-s1" name="TestCases">SDET TestProject.TestCases</stat>
<stat pass="1" fail="0" id="s1-s1-s1" name="WebTable">SDET TestProject.TestCases.WebTable</stat>
</suite>
</statistics>
<errors>
</errors>
</robot>
