<?xml version="1.0" encoding="UTF-8"?>
<robot generator="Robot 3.1.2 (Python 3.8.0 on win32)" generated="20191114 10:34:48.782" rpa="false">
<suite id="s1" name="Tagging" source="D:\RobotFramework\SDET_TestProject\TestCases\Tagging.robot">
<test id="s1-t1" name="TC1 User Registration Test">
<kw name="Log To Console" library="BuiltIn">
<doc>Logs the given message to the console.</doc>
<arguments>
<arg>This is user registration test</arg>
</arguments>
<status status="PASS" starttime="20191114 10:34:48.842" endtime="20191114 10:34:48.847"></status>
</kw>
<tags>
<tag>regression</tag>
</tags>
<status status="PASS" starttime="20191114 10:34:48.842" endtime="20191114 10:34:48.847" critical="yes"></status>
</test>
<test id="s1-t2" name="TC3 Change user settings Test">
<kw name="Log To Console" library="BuiltIn">
<doc>Logs the given message to the console.</doc>
<arguments>
<arg>This is change user settings test</arg>
</arguments>
<status status="PASS" starttime="20191114 10:34:48.847" endtime="20191114 10:34:48.847"></status>
</kw>
<tags>
<tag>regression</tag>
</tags>
<status status="PASS" starttime="20191114 10:34:48.847" endtime="20191114 10:34:48.847" critical="yes"></status>
</test>
<status status="PASS" starttime="20191114 10:34:48.787" endtime="20191114 10:34:48.852"></status>
</suite>
<statistics>
<total>
<stat pass="2" fail="0">Critical Tests</stat>
<stat pass="2" fail="0">All Tests</stat>
</total>
<tag>
<stat pass="2" fail="0">regression</stat>
</tag>
<suite>
<stat pass="2" fail="0" id="s1" name="Tagging">Tagging</stat>
</suite>
</statistics>
<errors>
</errors>
</robot>
